This is pdfTeX, Version 3.141592653-2.6-1.40.29 (MiKTeX 26.2) (preloaded format=pdflatex 2026.3.10)  30 APR 2026 19:32
entering extended mode
 restricted \write18 enabled.
 %&-line parsing enabled.
**./thesis.tex
(thesis.tex
LaTeX2e <2025-11-01>
L3 programming layer <2026-01-19>
(electhesis.cls
Document Class: electhesis 1994/12/02 Elec. Eng. thesis class
Elec. Eng. Thesis Class `electhesis' <1994/12/02>. BETA VERSION.

Please note that this is a BETA version of electhesis.
If you encounter any problems or bugs in using it please email a message
to latex@elec.canterbury.ac.nz.

(C:\Users\PSTENGE\AppData\Local\Programs\MiKTeX\tex/latex/base\book.cls
Document Class: book 2025/01/22 v1.4n Standard LaTeX document class
(C:\Users\PSTENGE\AppData\Local\Programs\MiKTeX\tex/latex/base\bk11.clo
File: bk11.clo 2025/01/22 v1.4n Standard LaTeX file (size option)
)
\c@part=\count275
\c@chapter=\count276
\c@section=\count277
\c@subsection=\count278
\c@subsubsection=\count279
\c@paragraph=\count280
\c@subparagraph=\count281
\c@figure=\count282
\c@table=\count283
\abovecaptionskip=\skip49
\belowcaptionskip=\skip50
\bibindent=\dimen148
)
(C:\Users\PSTENGE\AppData\Local\Programs\MiKTeX\tex/latex/setspace\setspace.sty
Package: setspace 2022/12/04 v6.7b set line spacing
)) (C:\Users\PSTENGE\AppData\Local\Programs\MiKTeX\tex/latex/base\fontenc.sty
Package: fontenc 2025/07/18 v2.1d Standard LaTeX package
)
(C:\Users\PSTENGE\AppData\Local\Programs\MiKTeX\tex/latex/lm\lmodern.sty
Package: lmodern 2015/05/01 v1.6.1 Latin Modern Fonts
LaTeX Font Info:    Overwriting symbol font `operators' in version `normal'
(Font)                  OT1/cmr/m/n --> OT1/lmr/m/n on input line 22.
LaTeX Font Info:    Overwriting symbol font `letters' in version `normal'
(Font)                  OML/cmm/m/it --> OML/lmm/m/it on input line 23.
LaTeX Font Info:    Overwriting symbol font `symbols' in version `normal'
(Font)                  OMS/cmsy/m/n --> OMS/lmsy/m/n on input line 24.
LaTeX Font Info:    Overwriting symbol font `largesymbols' in version `normal'
(Font)                  OMX/cmex/m/n --> OMX/lmex/m/n on input line 25.
LaTeX Font Info:    Overwriting symbol font `operators' in version `bold'
(Font)                  OT1/cmr/bx/n --> OT1/lmr/bx/n on input line 26.
LaTeX Font Info:    Overwriting symbol font `letters' in version `bold'
(Font)                  OML/cmm/b/it --> OML/lmm/b/it on input line 27.
LaTeX Font Info:    Overwriting symbol font `symbols' in version `bold'
(Font)                  OMS/cmsy/b/n --> OMS/lmsy/b/n on input line 28.
LaTeX Font Info:    Overwriting symbol font `largesymbols' in version `bold'
(Font)                  OMX/cmex/m/n --> OMX/lmex/m/n on input line 29.
LaTeX Font Info:    Overwriting math alphabet `\mathbf' in version `normal'
(Font)                  OT1/cmr/bx/n --> OT1/lmr/bx/n on input line 31.
LaTeX Font Info:    Overwriting math alphabet `\mathsf' in version `normal'
(Font)                  OT1/cmss/m/n --> OT1/lmss/m/n on input line 32.
LaTeX Font Info:    Overwriting math alphabet `\mathit' in version `normal'
(Font)                  OT1/cmr/m/it --> OT1/lmr/m/it on input line 33.
LaTeX Font Info:    Overwriting math alphabet `\mathtt' in version `normal'
(Font)                  OT1/cmtt/m/n --> OT1/lmtt/m/n on input line 34.
LaTeX Font Info:    Overwriting math alphabet `\mathbf' in version `bold'
(Font)                  OT1/cmr/bx/n --> OT1/lmr/bx/n on input line 35.
LaTeX Font Info:    Overwriting math alphabet `\mathsf' in version `bold'
(Font)                  OT1/cmss/bx/n --> OT1/lmss/bx/n on input line 36.
LaTeX Font Info:    Overwriting math alphabet `\mathit' in version `bold'
(Font)                  OT1/cmr/bx/it --> OT1/lmr/bx/it on input line 37.
LaTeX Font Info:    Overwriting math alphabet `\mathtt' in version `bold'
(Font)                  OT1/cmtt/m/n --> OT1/lmtt/m/n on input line 38.
)
(C:\Users\PSTENGE\AppData\Local\Programs\MiKTeX\tex/latex/tools\tabularx.sty
Package: tabularx 2023/12/11 v2.12a `tabularx' package (DPC)

(C:\Users\PSTENGE\AppData\Local\Programs\MiKTeX\tex/latex/tools\array.sty
Package: array 2025/09/25 v2.6n Tabular extension package (FMi)
\col@sep=\dimen149
\ar@mcellbox=\box53
\extrarowheight=\dimen150
\NC@list=\toks17
\extratabsurround=\skip51
\backup@length=\skip52
\ar@cellbox=\box54
)
\TX@col@width=\dimen151
\TX@old@table=\dimen152
\TX@old@col=\dimen153
\TX@target=\dimen154
\TX@delta=\dimen155
\TX@cols=\count284
\TX@ftn=\toks18
)
(C:\Users\PSTENGE\AppData\Local\Programs\MiKTeX\tex/latex/booktabs\booktabs.sty
Package: booktabs 2020/01/12 v1.61803398 Publication quality tables
\heavyrulewidth=\dimen156
\lightrulewidth=\dimen157
\cmidrulewidth=\dimen158
\belowrulesep=\dimen159
\belowbottomsep=\dimen160
\aboverulesep=\dimen161
\abovetopsep=\dimen162
\cmidrulesep=\dimen163
\cmidrulekern=\dimen164
\defaultaddspace=\dimen165
\@cmidla=\count285
\@cmidlb=\count286
\@aboverulesep=\dimen166
\@belowrulesep=\dimen167
\@thisruleclass=\count287
\@lastruleclass=\count288
\@thisrulewidth=\dimen168
) (eleccite.sty
Package: eleccite 1994/11/10 Elec.\ Eng.\ citation style file

Elec. Eng. Citation Style File `eleccite' <1994/11/10>.
) (C:\Users\PSTENGE\AppData\Local\Programs\MiKTeX\tex/latex/amsmath\amsmath.sty
Package: amsmath 2025/07/09 v2.17z AMS math features
\@mathmargin=\skip53
For additional information on amsmath, use the `?' option.
(C:\Users\PSTENGE\AppData\Local\Programs\MiKTeX\tex/latex/amsmath\amstext.sty
Package: amstext 2024/11/17 v2.01 AMS text

(C:\Users\PSTENGE\AppData\Local\Programs\MiKTeX\tex/latex/amsmath\amsgen.sty
File: amsgen.sty 1999/11/30 v2.0 generic functions
\@emptytoks=\toks19
\ex@=\dimen169
))
(C:\Users\PSTENGE\AppData\Local\Programs\MiKTeX\tex/latex/amsmath\amsbsy.sty
Package: amsbsy 1999/11/29 v1.2d Bold Symbols
\pmbraise@=\dimen170
)
(C:\Users\PSTENGE\AppData\Local\Programs\MiKTeX\tex/latex/amsmath\amsopn.sty
Package: amsopn 2022/04/08 v2.04 operator names
)
\inf@bad=\count289
LaTeX Info: Redefining \frac on input line 233.
\uproot@=\count290
\leftroot@=\count291
LaTeX Info: Redefining \overline on input line 398.
LaTeX Info: Redefining \colon on input line 409.
\classnum@=\count292
\DOTSCASE@=\count293
LaTeX Info: Redefining \ldots on input line 495.
LaTeX Info: Redefining \dots on input line 498.
LaTeX Info: Redefining \cdots on input line 619.
\Mathstrutbox@=\box55
\strutbox@=\box56
LaTeX Info: Redefining \big on input line 721.
LaTeX Info: Redefining \Big on input line 722.
LaTeX Info: Redefining \bigg on input line 723.
LaTeX Info: Redefining \Bigg on input line 724.
\big@size=\dimen171
LaTeX Font Info:    Redeclaring font encoding OML on input line 742.
LaTeX Font Info:    Redeclaring font encoding OMS on input line 743.
\macc@depth=\count294
LaTeX Info: Redefining \bmod on input line 904.
LaTeX Info: Redefining \pmod on input line 909.
LaTeX Info: Redefining \smash on input line 939.
LaTeX Info: Redefining \relbar on input line 969.
LaTeX Info: Redefining \Relbar on input line 970.
\c@MaxMatrixCols=\count295
\dotsspace@=\muskip17
\c@parentequation=\count296
\dspbrk@lvl=\count297
\tag@help=\toks20
\row@=\count298
\column@=\count299
\maxfields@=\count300
\andhelp@=\toks21
\eqnshift@=\dimen172
\alignsep@=\dimen173
\tagshift@=\dimen174
\tagwidth@=\dimen175
\totwidth@=\dimen176
\lineht@=\dimen177
\@envbody=\toks22
\multlinegap=\skip54
\multlinetaggap=\skip55
\mathdisplay@stack=\toks23
LaTeX Info: Redefining \[ on input line 2950.
LaTeX Info: Redefining \] on input line 2951.
)
(C:\Users\PSTENGE\AppData\Local\Programs\MiKTeX\tex/latex/amsfonts\amsfonts.sty
Package: amsfonts 2013/01/14 v3.01 Basic AMSFonts support
\symAMSa=\mathgroup4
\symAMSb=\mathgroup5
LaTeX Font Info:    Redeclaring math symbol \hbar on input line 98.
LaTeX Font Info:    Overwriting math alphabet `\mathfrak' in version `bold'
(Font)                  U/euf/m/n --> U/euf/b/n on input line 106.
)
(C:\Users\PSTENGE\AppData\Local\Programs\MiKTeX\tex/latex/graphics\graphicx.sty
Package: graphicx 2024/12/31 v1.2e Enhanced LaTeX Graphics (DPC,SPQR)
(C:\Users\PSTENGE\AppData\Local\Programs\MiKTeX\tex/latex/graphics\keyval.sty
Package: keyval 2022/05/29 v1.15 key=value parser (DPC)
\KV@toks@=\toks24
)
(C:\Users\PSTENGE\AppData\Local\Programs\MiKTeX\tex/latex/graphics\graphics.sty
Package: graphics 2024/08/06 v1.4g Standard LaTeX Graphics (DPC,SPQR)
(C:\Users\PSTENGE\AppData\Local\Programs\MiKTeX\tex/latex/graphics\trig.sty
Package: trig 2023/12/02 v1.11 sin cos tan (DPC)
)
(C:\Users\PSTENGE\AppData\Local\Programs\MiKTeX\tex/latex/graphics-cfg\graphics
.cfg
File: graphics.cfg 2016/06/04 v1.11 sample graphics configuration
)
Package graphics Info: Driver file: pdftex.def on input line 106.

(C:\Users\PSTENGE\AppData\Local\Programs\MiKTeX\tex/latex/graphics-def\pdftex.d
ef
File: pdftex.def 2025/09/29 v1.2d Graphics/color driver for pdftex
))
\Gin@req@height=\dimen178
\Gin@req@width=\dimen179
)
(C:\Users\PSTENGE\AppData\Local\Programs\MiKTeX\tex/latex/multirow\multirow.sty
Package: multirow 2024/11/12 v2.9 Span multiple rows of a table
\multirow@colwidth=\skip56
\multirow@cntb=\count301
\multirow@dima=\skip57
\bigstrutjot=\dimen180
)
(C:\Users\PSTENGE\AppData\Local\Programs\MiKTeX\tex/latex/caption\subcaption.st
y
Package: subcaption 2023/07/28 v1.6b Sub-captions (AR)
 (C:\Users\PSTENGE\AppData\Local\Programs\MiKTeX\tex/latex/caption\caption.sty
Package: caption 2023/08/05 v3.6o Customizing captions (AR)
(C:\Users\PSTENGE\AppData\Local\Programs\MiKTeX\tex/latex/caption\caption3.sty
Package: caption3 2023/07/31 v2.4d caption3 kernel (AR)
\caption@tempdima=\dimen181
\captionmargin=\dimen182
\caption@leftmargin=\dimen183
\caption@rightmargin=\dimen184
\caption@width=\dimen185
\caption@indent=\dimen186
\caption@parindent=\dimen187
\caption@hangindent=\dimen188
Package caption Info: Unknown document class (or package),
(caption)             standard defaults will be used.
Package caption Info: \@makecaption = \long macro:#1#2-> \vskip \abovecaptionsk
ip \sbox \@tempboxa {\footnotesize {\bfseries #1}\hskip 1em #2} \ifdim \wd \@te
mpboxa >\hsize \footnotesize {\bfseries #1}\hskip 1em #2\par \else \hbox to\hsi
ze {\hfil \box \@tempboxa \hfil }\fi \vskip \belowcaptionskip  on input line 11
75.
)

Package caption Warning: Unknown document class (or package),
(caption)                standard defaults will be used.
See the caption package documentation for explanation.

\c@caption@flags=\count302
\c@continuedfloat=\count303
)
Package caption Info: New subtype `subfigure' on input line 238.
\c@subfigure=\count304
Package caption Info: New subtype `subtable' on input line 238.
\c@subtable=\count305
) (C:\Users\PSTENGE\AppData\Local\Programs\MiKTeX\tex/latex/float\float.sty
Package: float 2001/11/08 v1.3d Float enhancements (AL)
\c@float@type=\count306
\float@exts=\toks25
\float@box=\box57
\@float@everytoks=\toks26
\@floatcapt=\box58
)
(C:\Users\PSTENGE\AppData\Local\Programs\MiKTeX\tex/latex/cleveref\cleveref.sty
Package: cleveref 2018/03/27 v0.21.4 Intelligent cross-referencing
)
==> First Aid for cleveref.sty applied!

(C:\Users\PSTENGE\AppData\Local\Programs\MiKTeX\tex/latex/geometry\geometry.sty
Package: geometry 2020/01/02 v5.9 Page Geometry
(C:\Users\PSTENGE\AppData\Local\Programs\MiKTeX\tex/generic/iftex\ifvtex.sty
Package: ifvtex 2019/10/25 v1.7 ifvtex legacy package. Use iftex instead.

(C:\Users\PSTENGE\AppData\Local\Programs\MiKTeX\tex/generic/iftex\iftex.sty
Package: iftex 2024/12/12 v1.0g TeX engine tests
))
\Gm@cnth=\count307
\Gm@cntv=\count308
\c@Gm@tempcnt=\count309
\Gm@bindingoffset=\dimen189
\Gm@wd@mp=\dimen190
\Gm@odd@mp=\dimen191
\Gm@even@mp=\dimen192
\Gm@layoutwidth=\dimen193
\Gm@layoutheight=\dimen194
\Gm@layouthoffset=\dimen195
\Gm@layoutvoffset=\dimen196
\Gm@dimlist=\toks27

(C:\Users\PSTENGE\AppData\Local\Programs\MiKTeX\tex/latex/geometry\geometry.cfg
))
LaTeX Font Info:    Trying to load font information for T1+lmr on input line 22
.
 (C:\Users\PSTENGE\AppData\Local\Programs\MiKTeX\tex/latex/lm\t1lmr.fd
File: t1lmr.fd 2015/05/01 v1.6.1 Font defs for Latin Modern
)
(C:\Users\PSTENGE\AppData\Local\Programs\MiKTeX\tex/latex/l3backend\l3backend-p
dftex.def
File: l3backend-pdftex.def 2025-10-09 L3 backend support: PDF output (pdfTeX)
\l__color_backend_stack_int=\count310
) (thesis.aux (abstract.aux) (acknowledgements.aux) (preface.aux)
(notation.aux) (1-intro/introduction.aux) (2-background/background.aux)
(3-SLAM/SLAM.aux) (4-precise-alignment/precise-alignment.aux)
(5-conclusion/conclusion.aux) (appendix-a.aux))
\openout1 = `thesis.aux'.

LaTeX Font Info:    Checking defaults for OML/cmm/m/it on input line 22.
LaTeX Font Info:    ... okay on input line 22.
LaTeX Font Info:    Checking defaults for OMS/cmsy/m/n on input line 22.
LaTeX Font Info:    ... okay on input line 22.
LaTeX Font Info:    Checking defaults for OT1/cmr/m/n on input line 22.
LaTeX Font Info:    ... okay on input line 22.
LaTeX Font Info:    Checking defaults for T1/cmr/m/n on input line 22.
LaTeX Font Info:    ... okay on input line 22.
LaTeX Font Info:    Checking defaults for TS1/cmr/m/n on input line 22.
LaTeX Font Info:    ... okay on input line 22.
LaTeX Font Info:    Checking defaults for OMX/cmex/m/n on input line 22.
LaTeX Font Info:    ... okay on input line 22.
LaTeX Font Info:    Checking defaults for U/cmr/m/n on input line 22.
LaTeX Font Info:    ... okay on input line 22.

(C:\Users\PSTENGE\AppData\Local\Programs\MiKTeX\tex/context/base/mkii\supp-pdf.
mkii
[Loading MPS to PDF converter (version 2006.09.02).]
\scratchcounter=\count311
\scratchdimen=\dimen197
\scratchbox=\box59
\nofMPsegments=\count312
\nofMParguments=\count313
\everyMPshowfont=\toks28
\MPscratchCnt=\count314
\MPscratchDim=\dimen198
\MPnumerator=\count315
\makeMPintoPDFobject=\count316
\everyMPtoPDFconversion=\toks29
)
(C:\Users\PSTENGE\AppData\Local\Programs\MiKTeX\tex/latex/epstopdf-pkg\epstopdf
-base.sty
Package: epstopdf-base 2020-01-24 v2.11 Base part for package epstopdf
Package epstopdf-base Info: Redefining graphics rule for `.eps' on input line 4
85.

(C:\Users\PSTENGE\AppData\Local\Programs\MiKTeX\tex/latex/00miktex\epstopdf-sys
.cfg
File: epstopdf-sys.cfg 2021/03/18 v2.0 Configuration of epstopdf for MiKTeX
))
Package caption Info: Begin \AtBeginDocument code.
Package caption Info: float package is loaded.
Package caption Info: End \AtBeginDocument code.

*geometry* driver: auto-detecting
*geometry* detected driver: pdftex
*geometry* verbose mode - [ preamble ] result:
* driver: pdftex
* paper: <default>
* layout: <same size as paper>
* layoutoffset:(h,v)=(0.0pt,0.0pt)
* modes: 
* h-part:(L,W,R)=(72.26999pt, 452.9679pt, 72.26999pt)
* v-part:(T,H,B)=(72.26999pt, 700.50687pt, 72.26999pt)
* \paperwidth=597.50787pt
* \paperheight=845.04684pt
* \textwidth=452.9679pt
* \textheight=700.50687pt
* \oddsidemargin=0.0pt
* \evensidemargin=0.0pt
* \topmargin=-39.45274pt
* \headheight=11.0pt
* \headsep=28.45274pt
* \topskip=11.0pt
* \footskip=42.67912pt
* \marginparwidth=53.0pt
* \marginparsep=7.0pt
* \columnsep=10.0pt
* \skip\footins=10.0pt plus 4.0pt minus 2.0pt
* \hoffset=0.0pt
* \voffset=0.0pt
* \mag=1000
* \@twocolumnfalse
* \@twosidefalse
* \@mparswitchfalse
* \@reversemarginfalse
* (1in=72.27pt=25.4mm, 1cm=28.453pt)

LaTeX Font Info:    Trying to load font information for OT1+lmr on input line 3
1.
(C:\Users\PSTENGE\AppData\Local\Programs\MiKTeX\tex/latex/lm\ot1lmr.fd
File: ot1lmr.fd 2015/05/01 v1.6.1 Font defs for Latin Modern
)
LaTeX Font Info:    Trying to load font information for OML+lmm on input line 3
1.

(C:\Users\PSTENGE\AppData\Local\Programs\MiKTeX\tex/latex/lm\omllmm.fd
File: omllmm.fd 2015/05/01 v1.6.1 Font defs for Latin Modern
)
LaTeX Font Info:    Trying to load font information for OMS+lmsy on input line 
31.

(C:\Users\PSTENGE\AppData\Local\Programs\MiKTeX\tex/latex/lm\omslmsy.fd
File: omslmsy.fd 2015/05/01 v1.6.1 Font defs for Latin Modern
)
LaTeX Font Info:    Trying to load font information for OMX+lmex on input line 
31.

(C:\Users\PSTENGE\AppData\Local\Programs\MiKTeX\tex/latex/lm\omxlmex.fd
File: omxlmex.fd 2015/05/01 v1.6.1 Font defs for Latin Modern
)
LaTeX Font Info:    External font `lmex10' loaded for size
(Font)              <20.74> on input line 31.
LaTeX Font Info:    External font `lmex10' loaded for size
(Font)              <14.4> on input line 31.
LaTeX Font Info:    External font `lmex10' loaded for size
(Font)              <12> on input line 31.
LaTeX Font Info:    Trying to load font information for U+msa on input line 31.


(C:\Users\PSTENGE\AppData\Local\Programs\MiKTeX\tex/latex/amsfonts\umsa.fd
File: umsa.fd 2013/01/14 v3.01 AMS symbols A
)
LaTeX Font Info:    Trying to load font information for U+msb on input line 31.


(C:\Users\PSTENGE\AppData\Local\Programs\MiKTeX\tex/latex/amsfonts\umsb.fd
File: umsb.fd 2013/01/14 v3.01 AMS symbols B
)
[1



{C:/Users/PSTENGE/AppData/Local/MiKTeX/fonts/map/pdftex/pdftex.map}{C:/Users/PS
TENGE/AppData/Local/Programs/MiKTeX/fonts/enc/dvips/lm/lm-ec.enc}]
\openout2 = `abstract.aux'.


(abstract.tex) [2


] (thesis.toc
LaTeX Font Info:    External font `lmex10' loaded for size
(Font)              <10.95> on input line 2.
LaTeX Font Info:    External font `lmex10' loaded for size
(Font)              <8> on input line 2.
LaTeX Font Info:    External font `lmex10' loaded for size
(Font)              <6> on input line 2.
 [3



])
\tf@toc=\write3
\openout3 = `thesis.toc'.

 [4]
\openout2 = `acknowledgements.aux'.

 (acknowledgements.tex) [5


]
\openout2 = `preface.aux'.

 (preface.tex) [6




]
\openout2 = `notation.aux'.

 (notation.tex) [7




]
\openout2 = `1-intro/introduction.aux'.

 (1-intro/introduction.tex
Chapter 1.
(1-intro/tex/1-research-context.tex) (1-intro/tex/1-motivation.tex [1





])
(1-intro/tex/1-research-objectives.tex
LaTeX Font Info:    Trying to load font information for TS1+lmr on input line 1
0.

(C:\Users\PSTENGE\AppData\Local\Programs\MiKTeX\tex/latex/lm\ts1lmr.fd
File: ts1lmr.fd 2015/05/01 v1.6.1 Font defs for Latin Modern
)
[2{C:/Users/PSTENGE/AppData/Local/Programs/MiKTeX/fonts/enc/dvips/lm/lm-ts1.enc
}]
Overfull \hbox (15.21852pt too wide) in paragraph at lines 18--19
[]\T1/lmr/m/n/10.95 Validate lo-cal-i-sa-tion per-for-mance un-der vary-ing vin
e-yard con-di-tions in-clud-ing GNSS dropout,
 []

) (1-intro/tex/1-thesis-structure.tex)) [3]
\openout2 = `2-background/background.aux'.

 (2-background/background.tex
Chapter 2.
(2-background/tex/2-robot-localisation.tex [4




]
<2-background/figures/OccupancyGridSensorFusion.png, id=44, 322.20375pt x 576.6
5437pt>
File: 2-background/figures/OccupancyGridSensorFusion.png Graphic file (type png
)
<use 2-background/figures/OccupancyGridSensorFusion.png>
Package pdftex.def Info: 2-background/figures/OccupancyGridSensorFusion.png  us
ed on input line 23.
(pdftex.def)             Requested size: 226.48395pt x 405.35352pt.
 [5] [6 <./2-background/figures/OccupancyGridSensorFusion.png>] [7]) (2-backgro
und/tex/2-vineyard-robotics.tex
<2-background/figures/corridorSingleDegree.png, id=57, 594.72188pt x 233.37187p
t>
File: 2-background/figures/corridorSingleDegree.png Graphic file (type png)
<use 2-background/figures/corridorSingleDegree.png>
Package pdftex.def Info: 2-background/figures/corridorSingleDegree.png  used on
 input line 16.
(pdftex.def)             Requested size: 385.02547pt x 151.08455pt.
<2-background/figures/leafvsnoleafpear.png, id=58, 687.16725pt x 389.65575pt>
File: 2-background/figures/leafvsnoleafpear.png Graphic file (type png)
<use 2-background/figures/leafvsnoleafpear.png>
Package pdftex.def Info: 2-background/figures/leafvsnoleafpear.png  used on inp
ut line 26.
(pdftex.def)             Requested size: 407.66833pt x 231.16727pt.

[8] [9{C:/Users/PSTENGE/AppData/Local/Programs/MiKTeX/fonts/enc/dvips/lm/lm-mat
hit.enc} <./2-background/figures/corridorSingleDegree.png> <./2-background/figu
res/leafvsnoleafpear.png>]
<2-background/figures/treeSlamRobotPlatform.png, id=68, 305.34074pt x 418.56375
pt>
File: 2-background/figures/treeSlamRobotPlatform.png Graphic file (type png)
<use 2-background/figures/treeSlamRobotPlatform.png>
Package pdftex.def Info: 2-background/figures/treeSlamRobotPlatform.png  used o
n input line 44.
(pdftex.def)             Requested size: 226.48395pt x 310.47318pt.
<2-background/figures/TreeSLAMPipeline.png, id=69, 958.782pt x 380.622pt>
File: 2-background/figures/TreeSLAMPipeline.png Graphic file (type png)
<use 2-background/figures/TreeSLAMPipeline.png>
Package pdftex.def Info: 2-background/figures/TreeSLAMPipeline.png  used on inp
ut line 51.
(pdftex.def)             Requested size: 407.66833pt x 161.8406pt.
 [10 <./2-background/figures/treeSlamRobotPlatform.png>] [11 <./2-background/fi
gures/TreeSLAMPipeline.png>])
(2-background/tex/2-vineyard-pruning.tex
<2-background/figures/botterilRobot.png, id=78, 611.886pt x 251.13824pt>
File: 2-background/figures/botterilRobot.png Graphic file (type png)
<use 2-background/figures/botterilRobot.png>
Package pdftex.def Info: 2-background/figures/botterilRobot.png  used on input 
line 11.
(pdftex.def)             Requested size: 385.02547pt x 158.02632pt.
 [12]
Underfull \hbox (badness 10000) in paragraph at lines 33--33
[]|\T1/lmr/m/n/10.95 Moderate (Depth-
 []


Underfull \hbox (badness 2173) in paragraph at lines 33--33
[]|\T1/lmr/m/n/10.95 Archie Jnr [Navone
 []


Underfull \hbox (badness 10000) in paragraph at lines 33--33
[]|\T1/lmr/m/n/10.95 High (3D Co-or-di-
 []

[13{C:/Users/PSTENGE/AppData/Local/Programs/MiKTeX/fonts/enc/dvips/lm/lm-rm.enc
}{C:/Users/PSTENGE/AppData/Local/Programs/MiKTeX/fonts/enc/dvips/lm/lm-mathsy.e
nc} <./2-background/figures/botterilRobot.png>])) [14]
\openout2 = `3-SLAM/SLAM.aux'.

 (3-SLAM/SLAM.tex
Chapter 3.
(3-SLAM/3-intro/tex/3-intro.tex [15




]) [16]
(3-SLAM/3-related-work/tex/3-related-work.tex
<3-SLAM/3-related-work/figures/imuPreintegration.png, id=99, 969.6225pt x 272.8
1924pt>
File: 3-SLAM/3-related-work/figures/imuPreintegration.png Graphic file (type pn
g)
<use 3-SLAM/3-related-work/figures/imuPreintegration.png>
Package pdftex.def Info: 3-SLAM/3-related-work/figures/imuPreintegration.png  u
sed on input line 13.
(pdftex.def)             Requested size: 452.9679pt x 127.45076pt.
<3-SLAM/3-related-work/figures/LIO_SAM_Archictecture.png, id=100, 1064.17575pt 
x 341.47575pt>
File: 3-SLAM/3-related-work/figures/LIO_SAM_Archictecture.png Graphic file (typ
e png)
<use 3-SLAM/3-related-work/figures/LIO_SAM_Archictecture.png>
Package pdftex.def Info: 3-SLAM/3-related-work/figures/LIO_SAM_Archictecture.pn
g  used on input line 22.
(pdftex.def)             Requested size: 385.02547pt x 123.546pt.
 [17

] [18 <./3-SLAM/3-related-work/figures/imuPreintegration.png> <./3-SLAM/3-relat
ed-work/figures/LIO_SAM_Archictecture.png>]
<3-SLAM/3-related-work/figures/glimFramework.png, id=112, 1052.13075pt x 163.20
975pt>
File: 3-SLAM/3-related-work/figures/glimFramework.png Graphic file (type png)
<use 3-SLAM/3-related-work/figures/glimFramework.png>
Package pdftex.def Info: 3-SLAM/3-related-work/figures/glimFramework.png  used 
on input line 41.
(pdftex.def)             Requested size: 407.66833pt x 63.23813pt.
LaTeX Font Info:    External font `lmex10' loaded for size
(Font)              <10> on input line 54.
LaTeX Font Info:    External font `lmex10' loaded for size
(Font)              <7> on input line 54.
LaTeX Font Info:    External font `lmex10' loaded for size
(Font)              <5> on input line 54.
 [19] [20 <./3-SLAM/3-related-work/figures/glimFramework.png>]
Underfull \hbox (badness 10000) in paragraph at lines 96--96
[]|\T1/lmr/bx/n/10 Latin Hy-per-cube
 []


Underfull \hbox (badness 10000) in paragraph at lines 96--96
[]|\T1/lmr/m/n/10 Guaranteed uni-vari-ate
 []


Underfull \hbox (badness 10000) in paragraph at lines 96--96
\T1/lmr/m/n/10 uni-for-mity [Chris-
 []


Underfull \hbox (badness 10000) in paragraph at lines 96--96
[]|\T1/lmr/m/n/10 High; in-de-pen-dent
 []


Underfull \hbox (badness 10000) in paragraph at lines 96--96
\T1/lmr/m/n/10 of $\OML/lmm/m/it/10 d$ \T1/lmr/m/n/10 [Deutsch and
 []


Underfull \hbox (badness 2426) in paragraph at lines 96--96
[]|\T1/lmr/m/n/10 Consistent; asymp-tot-i-
 []


Underfull \hbox (badness 1331) in paragraph at lines 96--96
[]|\T1/lmr/m/n/10 Near-random with low
 []


Underfull \hbox (badness 10000) in paragraph at lines 96--96
\T1/lmr/m/n/10 dis-crep-ancy [Chris-
 []

<3-SLAM/3-related-work/figures/MC_dist.png, id=120, 226.446pt x 103.587pt>
File: 3-SLAM/3-related-work/figures/MC_dist.png Graphic file (type png)
<use 3-SLAM/3-related-work/figures/MC_dist.png>
Package pdftex.def Info: 3-SLAM/3-related-work/figures/MC_dist.png  used on inp
ut line 105.
(pdftex.def)             Requested size: 217.42265pt x 99.46135pt.
<3-SLAM/3-related-work/figures/LHS_dist.png, id=121, 221.02576pt x 101.178pt>
File: 3-SLAM/3-related-work/figures/LHS_dist.png Graphic file (type png)
<use 3-SLAM/3-related-work/figures/LHS_dist.png>
Package pdftex.def Info: 3-SLAM/3-related-work/figures/LHS_dist.png  used on in
put line 111.
(pdftex.def)             Requested size: 217.42265pt x 99.53198pt.
[21{C:/Users/PSTENGE/AppData/Local/Programs/MiKTeX/fonts/enc/dvips/lm/lm-mathex
.enc} <./3-SLAM/3-related-work/figures/MC_dist.png> <./3-SLAM/3-related-work/fi
gures/LHS_dist.png>]
Underfull \hbox (badness 10000) in paragraph at lines 144--144
[]|\T1/lmr/bx/n/10 VSLAM Fail-ure
 []


Underfull \hbox (badness 10000) in paragraph at lines 144--144
[]|\T1/lmr/m/n/10 Requires adap-tive
 []


Underfull \hbox (badness 10000) in paragraph at lines 144--144
[]|\T1/lmr/m/n/10 Segmentation er-rors
 []


Underfull \hbox (badness 10000) in paragraph at lines 144--144
[]|\T1/lmr/m/n/10 Necessitates ro-bust
 []


Underfull \hbox (badness 10000) in paragraph at lines 144--144
\T1/lmr/m/n/10 loss ker-nels [Soares
 []


Underfull \hbox (badness 4441) in paragraph at lines 144--144
[]|\T1/lmr/m/n/10 Geometric de-gen-er-acy
 []


Underfull \hbox (badness 6268) in paragraph at lines 144--144
[]|\T1/lmr/m/n/10 High de-pen-dency on
 []


Underfull \hbox (badness 10000) in paragraph at lines 144--144
\T1/lmr/m/n/10 sen-sor fu-sion [Wei
 []


Underfull \hbox (badness 10000) in paragraph at lines 144--144
[]|\T1/lmr/m/n/10 Motion blur [Xu
 []


Underfull \hbox (badness 10000) in paragraph at lines 144--144
[]|\T1/lmr/m/n/10 Point cloud skew
 []


LaTeX Warning: `h' float specifier changed to `ht'.

) [22] [23] (3-SLAM/3-methodology/tex/3-methodology.tex
<3-SLAM/3-methodology/figures/time-matching.png, id=136, 941.5175pt x 311.1625p
t>
File: 3-SLAM/3-methodology/figures/time-matching.png Graphic file (type png)
<use 3-SLAM/3-methodology/figures/time-matching.png>
Package pdftex.def Info: 3-SLAM/3-methodology/figures/time-matching.png  used o
n input line 14.
(pdftex.def)             Requested size: 452.9679pt x 149.7029pt.
 [24

 <./3-SLAM/3-methodology/figures/time-matching.png (PNG copy)>]
<3-SLAM/3-methodology/figures/system-pipeline.png, id=142, 870.25125pt x 847.16
5pt>
File: 3-SLAM/3-methodology/figures/system-pipeline.png Graphic file (type png)
<use 3-SLAM/3-methodology/figures/system-pipeline.png>
Package pdftex.def Info: 3-SLAM/3-methodology/figures/system-pipeline.png  used
 on input line 23.
(pdftex.def)             Requested size: 452.9679pt x 440.95491pt.
 [25 <./3-SLAM/3-methodology/figures/system-pipeline.png (PNG copy)>]
<3-SLAM/3-methodology/figures/outlier-rejection.png, id=146, 976.64874pt x 595.
22375pt>
File: 3-SLAM/3-methodology/figures/outlier-rejection.png Graphic file (type png
)
<use 3-SLAM/3-methodology/figures/outlier-rejection.png>
Package pdftex.def Info: 3-SLAM/3-methodology/figures/outlier-rejection.png  us
ed on input line 60.
(pdftex.def)             Requested size: 339.72592pt x 207.05081pt.
 [26] [27 <./3-SLAM/3-methodology/figures/outlier-rejection.png (PNG copy)>]
<3-SLAM/3-methodology/figures/geometry-quality.png, id=154, 878.28125pt x 518.9
3875pt>
File: 3-SLAM/3-methodology/figures/geometry-quality.png Graphic file (type png)

<use 3-SLAM/3-methodology/figures/geometry-quality.png>
Package pdftex.def Info: 3-SLAM/3-methodology/figures/geometry-quality.png  use
d on input line 105.
(pdftex.def)             Requested size: 385.02547pt x 227.50232pt.
 [28 <./3-SLAM/3-methodology/figures/geometry-quality.png (PNG copy)>]
<3-SLAM/3-methodology/figures/kabsch-alignment.png, id=159, 1067.99pt x 554.07p
t>
File: 3-SLAM/3-methodology/figures/kabsch-alignment.png Graphic file (type png)

<use 3-SLAM/3-methodology/figures/kabsch-alignment.png>
Package pdftex.def Info: 3-SLAM/3-methodology/figures/kabsch-alignment.png  use
d on input line 173.
(pdftex.def)             Requested size: 452.9679pt x 234.99896pt.
 [29] [30 <./3-SLAM/3-methodology/figures/kabsch-alignment.png (PNG copy)>]
<3-SLAM/3-methodology/figures/factor-graph.png, id=169, 1046.91125pt x 356.3312
5pt>
File: 3-SLAM/3-methodology/figures/factor-graph.png Graphic file (type png)
<use 3-SLAM/3-methodology/figures/factor-graph.png>
Package pdftex.def Info: 3-SLAM/3-methodology/figures/factor-graph.png  used on
 input line 211.
(pdftex.def)             Requested size: 385.02547pt x 131.04666pt.
 [31 <./3-SLAM/3-methodology/figures/factor-graph.png (PNG copy)>] [32]
Overfull \hbox (1.60901pt too wide) in paragraph at lines 259--260
 \T1/lmr/bx/n/10.95 Sta-tis-ti-cal Search Space Con-trac-tion[] \T1/lmr/m/n/10.
95 At the con-clu-sion of each phase $\OML/lmm/m/it/10.95 i$\T1/lmr/m/n/10.95 ,
 the top-performing
 []


Underfull \hbox (badness 10000) in paragraph at lines 280--280
[]|\T1/lmr/m/n/10.95 High-density sam-pling within
 []

<3-SLAM/3-methodology/figures/irr-funnel.png, id=176, 969.6225pt x 702.625pt>
File: 3-SLAM/3-methodology/figures/irr-funnel.png Graphic file (type png)
<use 3-SLAM/3-methodology/figures/irr-funnel.png>
Package pdftex.def Info: 3-SLAM/3-methodology/figures/irr-funnel.png  used on i
nput line 289.
(pdftex.def)             Requested size: 258.195pt x 187.0953pt.
<3-SLAM/3-methodology/figures/irr-flowchart.png, id=177, 572.1375pt x 746.79pt>

File: 3-SLAM/3-methodology/figures/irr-flowchart.png Graphic file (type png)
<use 3-SLAM/3-methodology/figures/irr-flowchart.png>
Package pdftex.def Info: 3-SLAM/3-methodology/figures/irr-flowchart.png  used o
n input line 296.
(pdftex.def)             Requested size: 181.18439pt x 236.49355pt.
[33] [34 <./3-SLAM/3-methodology/figures/irr-funnel.png (PNG copy)> <./3-SLAM/3
-methodology/figures/irr-flowchart.png (PNG copy)>] [35]) [36]
(3-SLAM/3-results/tex/3-results.tex
Underfull \hbox (badness 10000) in paragraph at lines 32--32
[]|\T1/lmr/bx/n/10.95 Dataset
 []


Underfull \hbox (badness 10000) in paragraph at lines 32--32
[]|\T1/lmr/bx/n/10.95 Dataset
 []


Underfull \hbox (badness 10000) in paragraph at lines 32--32
[]|\T1/lmr/bx/n/10.95 Dataset
 []


Underfull \hbox (badness 10000) in paragraph at lines 32--32
[]|\T1/lmr/bx/n/10.95 Dataset
 []


Underfull \hbox (badness 10000) in paragraph at lines 32--32
[]|\T1/lmr/bx/n/10.95 Dataset
 []


Underfull \hbox (badness 10000) in paragraph at lines 62--62
[]|\T1/lmr/bx/n/10.95 Dataset
 []


Underfull \hbox (badness 10000) in paragraph at lines 62--62
[]|\T1/lmr/bx/n/10.95 Dataset
 []


Underfull \hbox (badness 10000) in paragraph at lines 62--62
[]|\T1/lmr/bx/n/10.95 Dataset
 []


Underfull \hbox (badness 10000) in paragraph at lines 62--62
[]|\T1/lmr/bx/n/10.95 Dataset
 []


Underfull \hbox (badness 10000) in paragraph at lines 62--62
[]|\T1/lmr/bx/n/10.95 Dataset
 []

[37

]
Underfull \hbox (badness 10000) in paragraph at lines 94--94
[]|\T1/lmr/bx/n/10.95 Dataset
 []


Underfull \hbox (badness 10000) in paragraph at lines 94--94
[]|\T1/lmr/bx/n/10.95 Dataset
 []


Underfull \hbox (badness 10000) in paragraph at lines 94--94
[]|\T1/lmr/bx/n/10.95 Dataset
 []


Underfull \hbox (badness 10000) in paragraph at lines 94--94
[]|\T1/lmr/bx/n/10.95 Dataset
 []


Underfull \hbox (badness 10000) in paragraph at lines 94--94
[]|\T1/lmr/bx/n/10.95 Dataset
 []


Overfull \vbox (27.20004pt too high) detected at line 121
 []


Overfull \vbox (27.20004pt too high) detected at line 121
 []


Underfull \hbox (badness 10000) in paragraph at lines 121--121
[]|\T1/lmr/m/n/10.95 Baseline
 []


Underfull \hbox (badness 10000) in paragraph at lines 121--121
[]|\T1/lmr/m/n/10.95 Refined
 []


Underfull \hbox (badness 10000) in paragraph at lines 121--121
[]|\T1/lmr/m/n/10.95 Proposed
 []


Underfull \hbox (badness 10000) in paragraph at lines 121--121
[]|\T1/lmr/m/n/10.95 Baseline
 []


Underfull \hbox (badness 10000) in paragraph at lines 121--121
[]|\T1/lmr/m/n/10.95 Refined
 []


Underfull \hbox (badness 10000) in paragraph at lines 121--121
[]|\T1/lmr/m/n/10.95 Proposed
 []


Underfull \hbox (badness 10000) in paragraph at lines 121--121
[]|\T1/lmr/m/n/10.95 Baseline
 []


Underfull \hbox (badness 10000) in paragraph at lines 121--121
[]|\T1/lmr/m/n/10.95 Refined
 []


Underfull \hbox (badness 10000) in paragraph at lines 121--121
[]|\T1/lmr/m/n/10.95 Proposed
 []


Underfull \hbox (badness 10000) in paragraph at lines 138--138
[]|\T1/lmr/bx/n/10.95 Dataset
 []


Underfull \hbox (badness 10000) in paragraph at lines 138--138
[]|\T1/lmr/bx/n/10.95 Dataset
 []


Underfull \hbox (badness 10000) in paragraph at lines 138--138
[]|\T1/lmr/bx/n/10.95 Dataset
 []


Underfull \hbox (badness 10000) in paragraph at lines 138--138
[]|\T1/lmr/bx/n/10.95 Dataset
 []


Underfull \hbox (badness 10000) in paragraph at lines 138--138
[]|\T1/lmr/bx/n/10.95 Dataset
 []

<3-SLAM/3-results/figures/glim_error_distribution_by_stage_log.png, id=195, 100
3.75pt x 602.25pt>
File: 3-SLAM/3-results/figures/glim_error_distribution_by_stage_log.png Graphic
 file (type png)
<use 3-SLAM/3-results/figures/glim_error_distribution_by_stage_log.png>
Package pdftex.def Info: 3-SLAM/3-results/figures/glim_error_distribution_by_st
age_log.png  used on input line 150.
(pdftex.def)             Requested size: 362.37569pt x 217.42552pt.
<3-SLAM/3-results/figures/proposed_error_distribution_by_stage_log.png, id=196,
 1003.75pt x 602.25pt>
File: 3-SLAM/3-results/figures/proposed_error_distribution_by_stage_log.png Gra
phic file (type png)
<use 3-SLAM/3-results/figures/proposed_error_distribution_by_stage_log.png>
Package pdftex.def Info: 3-SLAM/3-results/figures/proposed_error_distribution_b
y_stage_log.png  used on input line 159.
(pdftex.def)             Requested size: 362.37569pt x 217.42552pt.
[38] [39]
<3-SLAM/3-results/figures/glim_consensus_progression.png, id=203, 1003.75pt x 6
02.25pt>
File: 3-SLAM/3-results/figures/glim_consensus_progression.png Graphic file (typ
e png)
<use 3-SLAM/3-results/figures/glim_consensus_progression.png>
Package pdftex.def Info: 3-SLAM/3-results/figures/glim_consensus_progression.pn
g  used on input line 175.
(pdftex.def)             Requested size: 362.37569pt x 217.42552pt.
<3-SLAM/3-results/figures/proposed_consensus_progression.png, id=204, 1003.75pt
 x 602.25pt>
File: 3-SLAM/3-results/figures/proposed_consensus_progression.png Graphic file 
(type png)
<use 3-SLAM/3-results/figures/proposed_consensus_progression.png>
Package pdftex.def Info: 3-SLAM/3-results/figures/proposed_consensus_progressio
n.png  used on input line 184.
(pdftex.def)             Requested size: 362.37569pt x 217.42552pt.
<3-SLAM/3-results/figures/spider_error_per_m.png, id=205, 793.96625pt x 642.4pt
>
File: 3-SLAM/3-results/figures/spider_error_per_m.png Graphic file (type png)
<use 3-SLAM/3-results/figures/spider_error_per_m.png>
Package pdftex.def Info: 3-SLAM/3-results/figures/spider_error_per_m.png  used 
on input line 201.
(pdftex.def)             Requested size: 217.42265pt x 175.91068pt.
<3-SLAM/3-results/figures/spider_error_pct.png, id=206, 795.97375pt x 639.38875
pt>
File: 3-SLAM/3-results/figures/spider_error_pct.png Graphic file (type png)
<use 3-SLAM/3-results/figures/spider_error_pct.png>
Package pdftex.def Info: 3-SLAM/3-results/figures/spider_error_pct.png  used on
 input line 208.
(pdftex.def)             Requested size: 217.42265pt x 174.64705pt.
<3-SLAM/3-results/figures/spider_mean_abs_pos_err.png, id=207, 787.94376pt x 63
7.38126pt>
File: 3-SLAM/3-results/figures/spider_mean_abs_pos_err.png Graphic file (type p
ng)
<use 3-SLAM/3-results/figures/spider_mean_abs_pos_err.png>
Package pdftex.def Info: 3-SLAM/3-results/figures/spider_mean_abs_pos_err.png  
used on input line 215.
(pdftex.def)             Requested size: 217.42265pt x 175.86879pt.
<3-SLAM/3-results/figures/spider_rpe_1m_trans_std.png, id=208, 787.94376pt x 63
4.37pt>
File: 3-SLAM/3-results/figures/spider_rpe_1m_trans_std.png Graphic file (type p
ng)
<use 3-SLAM/3-results/figures/spider_rpe_1m_trans_std.png>
Package pdftex.def Info: 3-SLAM/3-results/figures/spider_rpe_1m_trans_std.png  
used on input line 222.
(pdftex.def)             Requested size: 217.42265pt x 175.0379pt.
<3-SLAM/3-results/figures/ds0_xy.png, id=209, 803.0pt x 228.855pt>
File: 3-SLAM/3-results/figures/ds0_xy.png Graphic file (type png)
<use 3-SLAM/3-results/figures/ds0_xy.png>
Package pdftex.def Info: 3-SLAM/3-results/figures/ds0_xy.png  used on input lin
e 239.
(pdftex.def)             Requested size: 217.42265pt x 61.96626pt.
<3-SLAM/3-results/figures/pds0_xy.png, id=210, 803.0pt x 220.825pt>
File: 3-SLAM/3-results/figures/pds0_xy.png Graphic file (type png)
<use 3-SLAM/3-results/figures/pds0_xy.png>
Package pdftex.def Info: 3-SLAM/3-results/figures/pds0_xy.png  used on input li
ne 245.
(pdftex.def)             Requested size: 217.42265pt x 59.792pt.
<3-SLAM/3-results/figures/ds1_xy.png, id=211, 803.0pt x 602.25pt>
File: 3-SLAM/3-results/figures/ds1_xy.png Graphic file (type png)
<use 3-SLAM/3-results/figures/ds1_xy.png>
Package pdftex.def Info: 3-SLAM/3-results/figures/ds1_xy.png  used on input lin
e 254.
(pdftex.def)             Requested size: 217.42265pt x 163.06914pt.
<3-SLAM/3-results/figures/pds1_xy.png, id=212, 803.0pt x 602.25pt>
File: 3-SLAM/3-results/figures/pds1_xy.png Graphic file (type png)
<use 3-SLAM/3-results/figures/pds1_xy.png>
Package pdftex.def Info: 3-SLAM/3-results/figures/pds1_xy.png  used on input li
ne 260.
(pdftex.def)             Requested size: 217.42265pt x 163.06914pt.
<3-SLAM/3-results/figures/ds2_xy.png, id=213, 803.0pt x 247.92625pt>
File: 3-SLAM/3-results/figures/ds2_xy.png Graphic file (type png)
<use 3-SLAM/3-results/figures/ds2_xy.png>
Package pdftex.def Info: 3-SLAM/3-results/figures/ds2_xy.png  used on input lin
e 269.
(pdftex.def)             Requested size: 217.42265pt x 67.13013pt.
<3-SLAM/3-results/figures/pds2_xy.png, id=214, 803.0pt x 191.71625pt>
File: 3-SLAM/3-results/figures/pds2_xy.png Graphic file (type png)
<use 3-SLAM/3-results/figures/pds2_xy.png>
Package pdftex.def Info: 3-SLAM/3-results/figures/pds2_xy.png  used on input li
ne 275.
(pdftex.def)             Requested size: 217.42265pt x 51.91034pt.
<3-SLAM/3-results/figures/ds3_xy.png, id=215, 803.0pt x 246.9225pt>
File: 3-SLAM/3-results/figures/ds3_xy.png Graphic file (type png)
<use 3-SLAM/3-results/figures/ds3_xy.png>
Package pdftex.def Info: 3-SLAM/3-results/figures/ds3_xy.png  used on input lin
e 284.
(pdftex.def)             Requested size: 217.42265pt x 66.85834pt.
<3-SLAM/3-results/figures/pds3_xy.png, id=216, 803.0pt x 249.93375pt>
File: 3-SLAM/3-results/figures/pds3_xy.png Graphic file (type png)
<use 3-SLAM/3-results/figures/pds3_xy.png>
Package pdftex.def Info: 3-SLAM/3-results/figures/pds3_xy.png  used on input li
ne 290.
(pdftex.def)             Requested size: 217.42265pt x 67.67369pt.
<3-SLAM/3-results/figures/ds4_xy.png, id=217, 803.0pt x 190.7125pt>
File: 3-SLAM/3-results/figures/ds4_xy.png Graphic file (type png)
<use 3-SLAM/3-results/figures/ds4_xy.png>
Package pdftex.def Info: 3-SLAM/3-results/figures/ds4_xy.png  used on input lin
e 299.
(pdftex.def)             Requested size: 217.42265pt x 51.63855pt.
<3-SLAM/3-results/figures/pds4_xy.png, id=218, 803.0pt x 183.68625pt>
File: 3-SLAM/3-results/figures/pds4_xy.png Graphic file (type png)
<use 3-SLAM/3-results/figures/pds4_xy.png>
Package pdftex.def Info: 3-SLAM/3-results/figures/pds4_xy.png  used on input li
ne 305.
(pdftex.def)             Requested size: 217.42265pt x 49.73608pt.
<3-SLAM/3-results/figures/ds0_z.png, id=219, 803.0pt x 401.5pt>
File: 3-SLAM/3-results/figures/ds0_z.png Graphic file (type png)
<use 3-SLAM/3-results/figures/ds0_z.png>
Package pdftex.def Info: 3-SLAM/3-results/figures/ds0_z.png  used on input line
 320.
(pdftex.def)             Requested size: 217.42265pt x 108.71275pt.
<3-SLAM/3-results/figures/pds0_z.png, id=220, 803.0pt x 401.5pt>
File: 3-SLAM/3-results/figures/pds0_z.png Graphic file (type png)
<use 3-SLAM/3-results/figures/pds0_z.png>
Package pdftex.def Info: 3-SLAM/3-results/figures/pds0_z.png  used on input lin
e 326.
(pdftex.def)             Requested size: 217.42265pt x 108.71275pt.
<3-SLAM/3-results/figures/ds1_z.png, id=221, 803.0pt x 401.5pt>
File: 3-SLAM/3-results/figures/ds1_z.png Graphic file (type png)
<use 3-SLAM/3-results/figures/ds1_z.png>
Package pdftex.def Info: 3-SLAM/3-results/figures/ds1_z.png  used on input line
 335.
(pdftex.def)             Requested size: 217.42265pt x 108.71275pt.
<3-SLAM/3-results/figures/pds1_z.png, id=222, 803.0pt x 401.5pt>
File: 3-SLAM/3-results/figures/pds1_z.png Graphic file (type png)
<use 3-SLAM/3-results/figures/pds1_z.png>
Package pdftex.def Info: 3-SLAM/3-results/figures/pds1_z.png  used on input lin
e 341.
(pdftex.def)             Requested size: 217.42265pt x 108.71275pt.
<3-SLAM/3-results/figures/ds2_z.png, id=223, 803.0pt x 401.5pt>
File: 3-SLAM/3-results/figures/ds2_z.png Graphic file (type png)
<use 3-SLAM/3-results/figures/ds2_z.png>
Package pdftex.def Info: 3-SLAM/3-results/figures/ds2_z.png  used on input line
 350.
(pdftex.def)             Requested size: 217.42265pt x 108.71275pt.
<3-SLAM/3-results/figures/pds2_z.png, id=224, 803.0pt x 401.5pt>
File: 3-SLAM/3-results/figures/pds2_z.png Graphic file (type png)
<use 3-SLAM/3-results/figures/pds2_z.png>
Package pdftex.def Info: 3-SLAM/3-results/figures/pds2_z.png  used on input lin
e 356.
(pdftex.def)             Requested size: 217.42265pt x 108.71275pt.
<3-SLAM/3-results/figures/ds3_z.png, id=225, 578.16pt x 289.08pt>
File: 3-SLAM/3-results/figures/ds3_z.png Graphic file (type png)
<use 3-SLAM/3-results/figures/ds3_z.png>
Package pdftex.def Info: 3-SLAM/3-results/figures/ds3_z.png  used on input line
 365.
(pdftex.def)             Requested size: 217.42265pt x 108.70908pt.
<3-SLAM/3-results/figures/pds3_z.png, id=226, 803.0pt x 401.5pt>
File: 3-SLAM/3-results/figures/pds3_z.png Graphic file (type png)
<use 3-SLAM/3-results/figures/pds3_z.png>
Package pdftex.def Info: 3-SLAM/3-results/figures/pds3_z.png  used on input lin
e 371.
(pdftex.def)             Requested size: 217.42265pt x 108.71275pt.
<3-SLAM/3-results/figures/ds4_z.png, id=227, 578.16pt x 289.08pt>
File: 3-SLAM/3-results/figures/ds4_z.png Graphic file (type png)
<use 3-SLAM/3-results/figures/ds4_z.png>
Package pdftex.def Info: 3-SLAM/3-results/figures/ds4_z.png  used on input line
 380.
(pdftex.def)             Requested size: 217.42265pt x 108.70908pt.
<3-SLAM/3-results/figures/pds4_z.png, id=228, 803.0pt x 401.5pt>
File: 3-SLAM/3-results/figures/pds4_z.png Graphic file (type png)
<use 3-SLAM/3-results/figures/pds4_z.png>
Package pdftex.def Info: 3-SLAM/3-results/figures/pds4_z.png  used on input lin
e 386.
(pdftex.def)             Requested size: 217.42265pt x 108.71275pt.


LaTeX Warning: Float too large for page by 4.45688pt on input line 392.

[40] [41 <./3-SLAM/3-results/figures/glim_error_distribution_by_stage_log.png> 
<./3-SLAM/3-results/figures/proposed_error_distribution_by_stage_log.png>]
[42 <./3-SLAM/3-results/figures/glim_consensus_progression.png> <./3-SLAM/3-res
ults/figures/proposed_consensus_progression.png>] [43 <./3-SLAM/3-results/figur
es/spider_error_per_m.png> <./3-SLAM/3-results/figures/spider_error_pct.png> <.
/3-SLAM/3-results/figures/spider_mean_abs_pos_err.png> <./3-SLAM/3-results/figu
res/spider_rpe_1m_trans_std.png>] [44 <./3-SLAM/3-results/figures/ds0_xy.png> <
./3-SLAM/3-results/figures/pds0_xy.png> <./3-SLAM/3-results/figures/ds1_xy.png>
 <./3-SLAM/3-results/figures/pds1_xy.png> <./3-SLAM/3-results/figures/ds2_xy.pn
g> <./3-SLAM/3-results/figures/pds2_xy.png> <./3-SLAM/3-results/figures/ds3_xy.
png> <./3-SLAM/3-results/figures/pds3_xy.png> <./3-SLAM/3-results/figures/ds4_x
y.png> <./3-SLAM/3-results/figures/pds4_xy.png>] [45 <./3-SLAM/3-results/figure
s/ds0_z.png> <./3-SLAM/3-results/figures/pds0_z.png> <./3-SLAM/3-results/figure
s/ds1_z.png> <./3-SLAM/3-results/figures/pds1_z.png> <./3-SLAM/3-results/figure
s/ds2_z.png> <./3-SLAM/3-results/figures/pds2_z.png> <./3-SLAM/3-results/figure
s/ds3_z.png> <./3-SLAM/3-results/figures/pds3_z.png> <./3-SLAM/3-results/figure
s/ds4_z.png> <./3-SLAM/3-results/figures/pds4_z.png>] [46] [47]) [48]
(3-SLAM/3-discussion/tex/3-discussion.tex [49

]
Underfull \hbox (badness 10000) in paragraph at lines 46--46
[]|\T1/lmr/bx/n/10.95 Dataset
 []


Underfull \hbox (badness 10000) in paragraph at lines 46--46
[]|\T1/lmr/bx/n/10.95 Dataset
 []


Underfull \hbox (badness 10000) in paragraph at lines 46--46
[]|\T1/lmr/bx/n/10.95 Dataset
 []


Underfull \hbox (badness 10000) in paragraph at lines 46--46
[]|\T1/lmr/bx/n/10.95 Dataset
 []


Underfull \hbox (badness 10000) in paragraph at lines 46--46
[]|\T1/lmr/bx/n/10.95 Dataset
 []

[50] [51] [52] [53] [54] [55] [56]) [57] (3-SLAM/3-summary/tex/3-summary.tex))
[58

]
\openout2 = `4-precise-alignment/precise-alignment.aux'.

 (4-precise-alignment/precise-alignment.tex
Chapter 4.
(4-precise-alignment/4-intro/tex/4-intro.tex [59




])
(4-precise-alignment/4-related-work/tex/4-related-work.tex [60] [61]
<4-precise-alignment/4-related-work/figures/zeroShotFSImages.png, id=327, 1120.
78725pt x 419.76825pt>
File: 4-precise-alignment/4-related-work/figures/zeroShotFSImages.png Graphic f
ile (type png)
<use 4-precise-alignment/4-related-work/figures/zeroShotFSImages.png>
Package pdftex.def Info: 4-precise-alignment/4-related-work/figures/zeroShotFSI
mages.png  used on input line 26.
(pdftex.def)             Requested size: 407.66833pt x 152.6793pt.
 [62 <./4-precise-alignment/4-related-work/figures/zeroShotFSImages.png>] [63] 
[64])
[65] (4-precise-alignment/4-methodology/tex/4-methodology.tex
<4-precise-alignment/4-methodology/figures/pa-pipeline-overview.png, id=341, 15
89.94pt x 1369.115pt>
File: 4-precise-alignment/4-methodology/figures/pa-pipeline-overview.png Graphi
c file (type png)
<use 4-precise-alignment/4-methodology/figures/pa-pipeline-overview.png>
Package pdftex.def Info: 4-precise-alignment/4-methodology/figures/pa-pipeline-
overview.png  used on input line 20.
(pdftex.def)             Requested size: 452.9679pt x 390.05559pt.
 [66] [67 <./4-precise-alignment/4-methodology/figures/pa-pipeline-overview.png
 (PNG copy)>]
[68]
Overfull \hbox (9.5263pt too wide) in paragraph at lines 80--83
\T1/lmr/m/n/10.95 The sec-ondary cam-era point cloud is trans-formed into the p
ri-mary cam-era frame us-ing $\OML/lmm/m/it/10.95 T[]$\T1/lmr/m/n/10.95 ,
 []

<4-precise-alignment/4-methodology/figures/pa-dual-camera.png, id=352, 1284.8pt
 x 1257.69875pt>
File: 4-precise-alignment/4-methodology/figures/pa-dual-camera.png Graphic file
 (type png)
<use 4-precise-alignment/4-methodology/figures/pa-dual-camera.png>
Package pdftex.def Info: 4-precise-alignment/4-methodology/figures/pa-dual-came
ra.png  used on input line 86.
(pdftex.def)             Requested size: 452.9679pt x 443.40604pt.
<4-precise-alignment/4-methodology/figures/pa-trunk-segmentation.png, id=353, 5
02.87875pt x 546.04pt>
File: 4-precise-alignment/4-methodology/figures/pa-trunk-segmentation.png Graph
ic file (type png)
<use 4-precise-alignment/4-methodology/figures/pa-trunk-segmentation.png>
Package pdftex.def Info: 4-precise-alignment/4-methodology/figures/pa-trunk-seg
mentation.png  used on input line 105.
(pdftex.def)             Requested size: 339.72592pt x 368.8777pt.
[69] [70 <./4-precise-alignment/4-methodology/figures/pa-dual-camera.png (PNG c
opy)>] [71 <./4-precise-alignment/4-methodology/figures/pa-trunk-segmentation.p
ng (PNG copy)>] [72]
<4-precise-alignment/4-methodology/figures/pa-lidar-filtering.png, id=367, 477.
785pt x 676.5275pt>
File: 4-precise-alignment/4-methodology/figures/pa-lidar-filtering.png Graphic 
file (type png)
<use 4-precise-alignment/4-methodology/figures/pa-lidar-filtering.png>
Package pdftex.def Info: 4-precise-alignment/4-methodology/figures/pa-lidar-fil
tering.png  used on input line 189.
(pdftex.def)             Requested size: 339.72592pt x 481.03984pt.
 [73] [74 <./4-precise-alignment/4-methodology/figures/pa-lidar-filtering.png (
PNG copy)>] [75]
<4-precise-alignment/4-methodology/figures/pa-icp-candidates.png, id=377, 1081.
03876pt x 1496.59125pt>
File: 4-precise-alignment/4-methodology/figures/pa-icp-candidates.png Graphic f
ile (type png)
<use 4-precise-alignment/4-methodology/figures/pa-icp-candidates.png>
Package pdftex.def Info: 4-precise-alignment/4-methodology/figures/pa-icp-candi
dates.png  used on input line 269.
(pdftex.def)             Requested size: 452.9679pt x 627.0797pt.

(C:\Users\PSTENGE\AppData\Local\Programs\MiKTeX\tex/latex/lm\t1lmtt.fd)
Underfull \hbox (badness 7047) in paragraph at lines 319--319
[]|\T1/lmr/m/n/10.95 Downsampling res-o-lu-tion ap-plied to
 []

[76] [77 <./4-precise-alignment/4-methodology/figures/pa-icp-candidates.png (PN
G copy)>] [78]
<4-precise-alignment/4-methodology/figures/pa-tf-correction.png, id=389, 1013.7
875pt x 615.29875pt>
File: 4-precise-alignment/4-methodology/figures/pa-tf-correction.png Graphic fi
le (type png)
<use 4-precise-alignment/4-methodology/figures/pa-tf-correction.png>
Package pdftex.def Info: 4-precise-alignment/4-methodology/figures/pa-tf-correc
tion.png  used on input line 354.
(pdftex.def)             Requested size: 452.9679pt x 274.91963pt.
 [79 <./4-precise-alignment/4-methodology/figures/pa-tf-correction.png (PNG cop
y)>]
<4-precise-alignment/4-methodology/figures/pa-execution-model.png, id=393, 1610
.015pt x 773.89125pt>
File: 4-precise-alignment/4-methodology/figures/pa-execution-model.png Graphic 
file (type png)
<use 4-precise-alignment/4-methodology/figures/pa-execution-model.png>
Package pdftex.def Info: 4-precise-alignment/4-methodology/figures/pa-execution
-model.png  used on input line 375.
(pdftex.def)             Requested size: 452.9679pt x 217.72722pt.
) (4-precise-alignment/4-results/tex/4-results.tex)
(4-precise-alignment/4-discussion/tex/4-discussion.tex)
(4-precise-alignment/4-summary/tex/4-summary.tex)) [80 <./4-precise-alignment/4
-methodology/figures/pa-execution-model.png (PNG copy)>] [81]
\openout2 = `5-conclusion/conclusion.aux'.


(5-conclusion/conclusion.tex
Chapter 5.
(5-conclusion/tex/5-future-work.tex)) [82




] (thesis.bbl
Chapter 6.
[83



] [84]
Underfull \hbox (badness 10000) in paragraph at lines 150--154
\T1/lmr/m/n/10.95 https://www.mpi.govt.nz/resources-and-forms/economic-intellig
ence/situation-and-
 []

[85] [86] [87] [88] [89]) [90]
\openout2 = `appendix-a.aux'.

 (appendix-a.tex) [91



] (thesis.aux (abstract.aux) (acknowledgements.aux) (preface.aux) (notation.aux
) (1-intro/introduction.aux) (2-background/background.aux) (3-SLAM/SLAM.aux)
(4-precise-alignment/precise-alignment.aux) (5-conclusion/conclusion.aux)
(appendix-a.aux))
 ***********
LaTeX2e <2025-11-01>
L3 programming layer <2026-01-19>
 ***********
 ) 
Here is how much of TeX's memory you used:
 8131 strings out of 467867
 177679 string characters out of 5417366
 583999 words of memory out of 5000000
 36727 multiletter control sequences out of 15000+600000
 738117 words of font info for 121 fonts, out of 8000000 for 9000
 1141 hyphenation exceptions out of 8191
 67i,14n,77p,1820b,523s stack positions out of 10000i,1000n,20000p,200000b,200000s
<C:/Users/PSTENGE/AppData/Local/Programs/MiKTeX/fonts/type1/public/lm/lmbx10.
pfb><C:/Users/PSTENGE/AppData/Local/Programs/MiKTeX/fonts/type1/public/lm/lmbx1
2.pfb><C:/Users/PSTENGE/AppData/Local/Programs/MiKTeX/fonts/type1/public/lm/lmb
x8.pfb><C:/Users/PSTENGE/AppData/Local/Programs/MiKTeX/fonts/type1/public/lm/lm
csc10.pfb><C:/Users/PSTENGE/AppData/Local/Programs/MiKTeX/fonts/type1/public/lm
/lmex10.pfb><C:/Users/PSTENGE/AppData/Local/Programs/MiKTeX/fonts/type1/public/
lm/lmmi10.pfb><C:/Users/PSTENGE/AppData/Local/Programs/MiKTeX/fonts/type1/publi
c/lm/lmmi7.pfb><C:/Users/PSTENGE/AppData/Local/Programs/MiKTeX/fonts/type1/publ
ic/lm/lmmi8.pfb><C:/Users/PSTENGE/AppData/Local/Programs/MiKTeX/fonts/type1/pub
lic/lm/lmmib10.pfb><C:/Users/PSTENGE/AppData/Local/Programs/MiKTeX/fonts/type1/
public/lm/lmr10.pfb><C:/Users/PSTENGE/AppData/Local/Programs/MiKTeX/fonts/type1
/public/lm/lmr12.pfb><C:/Users/PSTENGE/AppData/Local/Programs/MiKTeX/fonts/type
1/public/lm/lmr6.pfb><C:/Users/PSTENGE/AppData/Local/Programs/MiKTeX/fonts/type
1/public/lm/lmr7.pfb><C:/Users/PSTENGE/AppData/Local/Programs/MiKTeX/fonts/type
1/public/lm/lmr8.pfb><C:/Users/PSTENGE/AppData/Local/Programs/MiKTeX/fonts/type
1/public/lm/lmr9.pfb><C:/Users/PSTENGE/AppData/Local/Programs/MiKTeX/fonts/type
1/public/lm/lmri10.pfb><C:/Users/PSTENGE/AppData/Local/Programs/MiKTeX/fonts/ty
pe1/public/lm/lmsy10.pfb><C:/Users/PSTENGE/AppData/Local/Programs/MiKTeX/fonts/
type1/public/lm/lmsy7.pfb><C:/Users/PSTENGE/AppData/Local/Programs/MiKTeX/fonts
/type1/public/lm/lmsy8.pfb><C:/Users/PSTENGE/AppData/Local/Programs/MiKTeX/font
s/type1/public/lm/lmtt10.pfb><C:/Users/PSTENGE/AppData/Local/Programs/MiKTeX/fo
nts/type1/public/amsfonts/symbols/msbm10.pfb>
Output written on thesis.pdf (98 pages, 9131718 bytes).
PDF statistics:
 536 PDF objects out of 1000 (max. 8388607)
 0 named destinations out of 1000 (max. 500000)
 276 words of extra memory for PDF output out of 10000 (max. 10000000)

